<?xml version="1.0" encoding="UTF-8"?>
<!-- Generated by org.testng.reporters.JUnitXMLReporter -->
<testsuite ignored="0" hostname="LAPTOP-RH83BP8S" failures="10" tests="18" name="Test" time="116.058" errors="0" timestamp="2023-11-26T15:56:10 GMT-05:00">
  <testcase classname="com.tutorialsninja_testcases.SearchProductTest" name="verifySearchWithValidProduct" time="0.033">
    <failure type="java.lang.IllegalArgumentException" message="Keys to send should be a not null CharSequence">
      <![CDATA[java.lang.IllegalArgumentException: Keys to send should be a not null CharSequence
at org.openqa.selenium.remote.RemoteWebElement.sendKeys(RemoteWebElement.java:97)
at org.openqa.selenium.support.pagefactory.internal.LocatingElementHandler.invoke(LocatingElementHandler.java:51)
at jdk.proxy2/jdk.proxy2.$Proxy16.sendKeys(Unknown Source)
at com.tutorialsninja_pages.LandingPage.navigateToSearchPage(LandingPage.java:86)
at com.tutorialsninja_testcases.SearchProductTest.verifySearchWithValidProduct(SearchProductTest.java:37)
at java.base/java.util.ArrayList.forEach(ArrayList.java:1511)
... Removed 31 stack frames]]>
    </failure>
  </testcase> <!-- verifySearchWithValidProduct -->
  <testcase classname="com.tutorialsninja_testcases.SearchProductTest" name="verifySearchNoProduct" time="0.611"/>
  <testcase classname="com.tutorialsninja_testcases.SearchProductTest" name="verifySearchWithInvalidProduct" time="0.016">
    <failure type="java.lang.IllegalArgumentException" message="Keys to send should be a not null CharSequence">
      <![CDATA[java.lang.IllegalArgumentException: Keys to send should be a not null CharSequence
at org.openqa.selenium.remote.RemoteWebElement.sendKeys(RemoteWebElement.java:97)
at org.openqa.selenium.support.pagefactory.internal.LocatingElementHandler.invoke(LocatingElementHandler.java:51)
at jdk.proxy2/jdk.proxy2.$Proxy16.sendKeys(Unknown Source)
at com.tutorialsninja_pages.LandingPage.navigateToSearchPage(LandingPage.java:86)
at com.tutorialsninja_testcases.SearchProductTest.verifySearchWithInvalidProduct(SearchProductTest.java:48)
at java.base/java.util.ArrayList.forEach(ArrayList.java:1511)
... Removed 31 stack frames]]>
    </failure>
  </testcase> <!-- verifySearchWithInvalidProduct -->
  <testcase classname="com.tutorialsninja_testcases.LoginTest" name="verifyLoginWithValidCredentials" time="1.014"/>
  <testcase classname="com.tutorialsninja_testcases.LoginTest" name="verifyLoginWithValidCredentials" time="0.926"/>
  <testcase classname="com.tutorialsninja_testcases.LoginTest" name="verifyLoginWithValidCredentials" time="1.091"/>
  <testcase classname="com.tutorialsninja_testcases.LoginTest" name="verifyLoginWithValidCredentials" time="0.85"/>
  <testcase classname="com.tutorialsninja_testcases.LoginTest" name="verifyLoginWithValidCredentials" time="0.869"/>
  <testcase classname="com.tutorialsninja_testcases.LoginTest" name="verifyLoginWithValidCredentials" time="0.993"/>
  <testcase classname="com.tutorialsninja_testcases.LoginTest" name="verifyLoginWithValidCredentials" time="1.133"/>
  <testcase classname="com.tutorialsninja_testcases.LoginTest" name="verifyLoginWithValidEmailAndInvalidPassword" time="0.078">
    <failure type="java.lang.IllegalArgumentException" message="Keys to send should be a not null CharSequence">
      <![CDATA[java.lang.IllegalArgumentException: Keys to send should be a not null CharSequence
at org.openqa.selenium.remote.RemoteWebElement.sendKeys(RemoteWebElement.java:97)
at org.openqa.selenium.support.pagefactory.internal.LocatingElementHandler.invoke(LocatingElementHandler.java:51)
at jdk.proxy2/jdk.proxy2.$Proxy16.sendKeys(Unknown Source)
at com.tutorialsninja_pages.LoginPage.navigateToAccountPage(LoginPage.java:56)
at com.tutorialsninja_testcases.LoginTest.verifyLoginWithValidEmailAndInvalidPassword(LoginTest.java:56)
at java.base/java.util.ArrayList.forEach(ArrayList.java:1511)
... Removed 30 stack frames]]>
    </failure>
  </testcase> <!-- verifyLoginWithValidEmailAndInvalidPassword -->
  <testcase classname="com.tutorialsninja_testcases.LoginTest" name="verifyLoginWithInvalidEmailAndvalidPassword" time="0.674">
    <failure type="java.lang.NullPointerException" message="Cannot invoke &amp;quot;java.lang.CharSequence.toString()&amp;quot; because &amp;quot;s&amp;quot; is null">
      <![CDATA[java.lang.NullPointerException: Cannot invoke "java.lang.CharSequence.toString()" because "s" is null
at java.base/java.lang.String.contains(String.java:2852)
at com.tutorialsninja_testcases.LoginTest.verifyLoginWithInvalidEmailAndvalidPassword(LoginTest.java:65)
at java.base/java.util.ArrayList.forEach(ArrayList.java:1511)
... Removed 27 stack frames]]>
    </failure>
  </testcase> <!-- verifyLoginWithInvalidEmailAndvalidPassword -->
  <testcase classname="com.tutorialsninja_testcases.LoginTest" name="verifyLoginWithInvalidCredentials" time="0.102">
    <failure type="java.lang.IllegalArgumentException" message="Keys to send should be a not null CharSequence">
      <![CDATA[java.lang.IllegalArgumentException: Keys to send should be a not null CharSequence
at org.openqa.selenium.remote.RemoteWebElement.sendKeys(RemoteWebElement.java:97)
at org.openqa.selenium.support.pagefactory.internal.LocatingElementHandler.invoke(LocatingElementHandler.java:51)
at jdk.proxy2/jdk.proxy2.$Proxy16.sendKeys(Unknown Source)
at com.tutorialsninja_pages.LoginPage.navigateToAccountPage(LoginPage.java:56)
at com.tutorialsninja_testcases.LoginTest.verifyLoginWithInvalidCredentials(LoginTest.java:72)
at java.base/java.util.ArrayList.forEach(ArrayList.java:1511)
... Removed 30 stack frames]]>
    </failure>
  </testcase> <!-- verifyLoginWithInvalidCredentials -->
  <testcase classname="com.tutorialsninja_testcases.LoginTest" name="verifyLoginWithNoCredentials" time="0.495">
    <failure type="java.lang.NullPointerException" message="Cannot invoke &amp;quot;java.lang.CharSequence.toString()&amp;quot; because &amp;quot;s&amp;quot; is null">
      <![CDATA[java.lang.NullPointerException: Cannot invoke "java.lang.CharSequence.toString()" because "s" is null
at java.base/java.lang.String.contains(String.java:2852)
at com.tutorialsninja_testcases.LoginTest.verifyLoginWithNoCredentials(LoginTest.java:81)
at java.base/java.util.ArrayList.forEach(ArrayList.java:1511)
... Removed 27 stack frames]]>
    </failure>
  </testcase> <!-- verifyLoginWithNoCredentials -->
  <testcase classname="com.tutorialsninja_testcases.RegisterTest" name="registerAccountWithMandatoryDetails" time="0.013">
    <failure type="java.lang.IllegalArgumentException" message="Keys to send should be a not null CharSequence">
      <![CDATA[java.lang.IllegalArgumentException: Keys to send should be a not null CharSequence
at org.openqa.selenium.remote.RemoteWebElement.sendKeys(RemoteWebElement.java:97)
at org.openqa.selenium.support.pagefactory.internal.LocatingElementHandler.invoke(LocatingElementHandler.java:51)
at jdk.proxy2/jdk.proxy2.$Proxy16.sendKeys(Unknown Source)
at com.tutorialsninja_pages.RegisterPage.registerMandatoryDetails(RegisterPage.java:180)
at com.tutorialsninja_testcases.RegisterTest.registerAccountWithMandatoryDetails(RegisterTest.java:43)
at java.base/java.util.ArrayList.forEach(ArrayList.java:1511)
... Removed 30 stack frames]]>
    </failure>
  </testcase> <!-- registerAccountWithMandatoryDetails -->
  <testcase classname="com.tutorialsninja_testcases.RegisterTest" name="registerAccountWithAllDetails" time="0.014">
    <failure type="java.lang.IllegalArgumentException" message="Keys to send should be a not null CharSequence">
      <![CDATA[java.lang.IllegalArgumentException: Keys to send should be a not null CharSequence
at org.openqa.selenium.remote.RemoteWebElement.sendKeys(RemoteWebElement.java:97)
at org.openqa.selenium.support.pagefactory.internal.LocatingElementHandler.invoke(LocatingElementHandler.java:51)
at jdk.proxy2/jdk.proxy2.$Proxy16.sendKeys(Unknown Source)
at com.tutorialsninja_pages.RegisterPage.registerAllDetails(RegisterPage.java:193)
at com.tutorialsninja_testcases.RegisterTest.registerAccountWithAllDetails(RegisterTest.java:54)
at java.base/java.util.ArrayList.forEach(ArrayList.java:1511)
... Removed 30 stack frames]]>
    </failure>
  </testcase> <!-- registerAccountWithAllDetails -->
  <testcase classname="com.tutorialsninja_testcases.RegisterTest" name="registerAccountWithNoDetails" time="0.493">
    <failure type="java.lang.NullPointerException" message="Cannot invoke &amp;quot;java.lang.CharSequence.toString()&amp;quot; because &amp;quot;s&amp;quot; is null">
      <![CDATA[java.lang.NullPointerException: Cannot invoke "java.lang.CharSequence.toString()" because "s" is null
at java.base/java.lang.String.contains(String.java:2852)
at com.tutorialsninja_pages.RegisterPage.retrieveAllWarningMessageStatus(RegisterPage.java:207)
at com.tutorialsninja_testcases.RegisterTest.registerAccountWithNoDetails(RegisterTest.java:68)
at java.base/java.util.ArrayList.forEach(ArrayList.java:1511)
... Removed 27 stack frames]]>
    </failure>
  </testcase> <!-- registerAccountWithNoDetails -->
  <testcase classname="com.tutorialsninja_testcases.RegisterTest" name="registerAccountExistingEmail" time="0.013">
    <failure type="java.lang.IllegalArgumentException" message="Keys to send should be a not null CharSequence">
      <![CDATA[java.lang.IllegalArgumentException: Keys to send should be a not null CharSequence
at org.openqa.selenium.remote.RemoteWebElement.sendKeys(RemoteWebElement.java:97)
at org.openqa.selenium.support.pagefactory.internal.LocatingElementHandler.invoke(LocatingElementHandler.java:51)
at jdk.proxy2/jdk.proxy2.$Proxy16.sendKeys(Unknown Source)
at com.tutorialsninja_pages.RegisterPage.registerAllDetails(RegisterPage.java:193)
at com.tutorialsninja_testcases.RegisterTest.registerAccountExistingEmail(RegisterTest.java:78)
at java.base/java.util.ArrayList.forEach(ArrayList.java:1511)
... Removed 30 stack frames]]>
    </failure>
  </testcase> <!-- registerAccountExistingEmail -->
</testsuite> <!-- Test -->
