<!DOCTYPE html PUBLIC "-//W3C//DTD XHTML 1.1//EN" "https://www.w3.org/TR/xhtml11/DTD/xhtml11.dtd">
<html xmlns="https://www.w3.org/1999/xhtml">
<head>
<meta http-equiv="content-type" content="text/html; charset=UTF-8"/>
<title>TestNG Report</title>
<style type="text/css">table {margin-bottom:10px;border-collapse:collapse;empty-cells:show}th,td {border:1px solid #009;padding:.25em .5em}th {vertical-align:bottom}td {vertical-align:top}table a {font-weight:bold}.stripe td {background-color: #E6EBF9}.num {text-align:right}.passedodd td {background-color: #3F3}.passedeven td {background-color: #0A0}.skippedodd td {background-color: #DDD}.skippedeven td {background-color: #CCC}.failedodd td,.attn {background-color: #F33}.failedeven td,.stripe .attn {background-color: #D00}.stacktrace {white-space:pre;font-family:monospace}.totop {font-size:85%;text-align:center;border-bottom:2px solid #000}.invisible {display:none}</style>
</head>
<body>
<table>
<tr><th>Test</th><th># Passed</th><th># Skipped</th><th># Retried</th><th># Failed</th><th>Time (ms)</th><th>Included Groups</th><th>Excluded Groups</th></tr>
<tr><th colspan="8">Suite</th></tr>
<tr><td><a href="#t0">Test</a></td><td class="num">8</td><td class="num">0</td><td class="num">0</td><td class="num attn">10</td><td class="num">116,058</td><td></td><td></td></tr>
</table>
<table id='summary'><thead><tr><th>Class</th><th>Method</th><th>Start</th><th>Time (ms)</th></tr></thead><tbody><tr><th colspan="4">Suite</th></tr></tbody><tbody id="t0"><tr><th colspan="4">Test &#8212; failed</th></tr><tr class="failedeven"><td rowspan="4">com.tutorialsninja_testcases.LoginTest</td><td><a href="#m0">verifyLoginWithInvalidCredentials</a></td><td rowspan="1">1701032141370</td><td rowspan="1">102</td></tr><tr class="failedeven"><td><a href="#m1">verifyLoginWithInvalidEmailAndvalidPassword</a></td><td rowspan="1">1701032135345</td><td rowspan="1">674</td></tr><tr class="failedeven"><td><a href="#m2">verifyLoginWithNoCredentials</a></td><td rowspan="1">1701032146966</td><td rowspan="1">495</td></tr><tr class="failedeven"><td><a href="#m3">verifyLoginWithValidEmailAndInvalidPassword</a></td><td rowspan="1">1701032129677</td><td rowspan="1">78</td></tr><tr class="failedodd"><td rowspan="4">com.tutorialsninja_testcases.RegisterTest</td><td><a href="#m4">registerAccountExistingEmail</a></td><td rowspan="1">1701032170394</td><td rowspan="1">13</td></tr><tr class="failedodd"><td><a href="#m5">registerAccountWithAllDetails</a></td><td rowspan="1">1701032158460</td><td rowspan="1">14</td></tr><tr class="failedodd"><td><a href="#m6">registerAccountWithMandatoryDetails</a></td><td rowspan="1">1701032152941</td><td rowspan="1">13</td></tr><tr class="failedodd"><td><a href="#m7">registerAccountWithNoDetails</a></td><td rowspan="1">1701032164357</td><td rowspan="1">493</td></tr><tr class="failedeven"><td rowspan="2">com.tutorialsninja_testcases.SearchProductTest</td><td><a href="#m8">verifySearchWithInvalidProduct</a></td><td rowspan="1">1701032079978</td><td rowspan="1">16</td></tr><tr class="failedeven"><td><a href="#m9">verifySearchWithValidProduct</a></td><td rowspan="1">1701032070054</td><td rowspan="1">33</td></tr><tr><th colspan="4">Test &#8212; passed</th></tr><tr class="passedeven"><td rowspan="7">com.tutorialsninja_testcases.LoginTest</td><td><a href="#m10">verifyLoginWithValidCredentials</a></td><td rowspan="7">1701032103798</td><td rowspan="7">850</td></tr><tr class="passedeven"><td><a href="#m11">verifyLoginWithValidCredentials</a></td></tr><tr class="passedeven"><td><a href="#m12">verifyLoginWithValidCredentials</a></td></tr><tr class="passedeven"><td><a href="#m13">verifyLoginWithValidCredentials</a></td></tr><tr class="passedeven"><td><a href="#m14">verifyLoginWithValidCredentials</a></td></tr><tr class="passedeven"><td><a href="#m15">verifyLoginWithValidCredentials</a></td></tr><tr class="passedeven"><td><a href="#m16">verifyLoginWithValidCredentials</a></td></tr><tr class="passedodd"><td rowspan="1">com.tutorialsninja_testcases.SearchProductTest</td><td><a href="#m17">verifySearchNoProduct</a></td><td rowspan="1">1701032074685</td><td rowspan="1">611</td></tr></tbody>
</table>
<h2>Test</h2><h3 id="m0">com.tutorialsninja_testcases.LoginTest#verifyLoginWithInvalidCredentials</h3><table class="result"><tr><th>Exception</th></tr><tr><td><div class="stacktrace">java.lang.IllegalArgumentException: Keys to send should be a not null CharSequence
	at org.openqa.selenium.remote.RemoteWebElement.sendKeys(RemoteWebElement.java:97)
	at org.openqa.selenium.support.pagefactory.internal.LocatingElementHandler.invoke(LocatingElementHandler.java:51)
	at jdk.proxy2/jdk.proxy2.$Proxy16.sendKeys(Unknown Source)
	at com.tutorialsninja_pages.LoginPage.navigateToAccountPage(LoginPage.java:56)
	at com.tutorialsninja_testcases.LoginTest.verifyLoginWithInvalidCredentials(LoginTest.java:72)
	at java.base/java.util.ArrayList.forEach(ArrayList.java:1511)
... Removed 30 stack frames</div></td></tr></table><p class="totop"><a href="#summary">back to summary</a></p>
<h3 id="m1">com.tutorialsninja_testcases.LoginTest#verifyLoginWithInvalidEmailAndvalidPassword</h3><table class="result"><tr><th>Exception</th></tr><tr><td><div class="stacktrace">java.lang.NullPointerException: Cannot invoke &quot;java.lang.CharSequence.toString()&quot; because &quot;s&quot; is null
	at java.base/java.lang.String.contains(String.java:2852)
	at com.tutorialsninja_testcases.LoginTest.verifyLoginWithInvalidEmailAndvalidPassword(LoginTest.java:65)
	at java.base/java.util.ArrayList.forEach(ArrayList.java:1511)
... Removed 27 stack frames</div></td></tr></table><p class="totop"><a href="#summary">back to summary</a></p>
<h3 id="m2">com.tutorialsninja_testcases.LoginTest#verifyLoginWithNoCredentials</h3><table class="result"><tr><th>Exception</th></tr><tr><td><div class="stacktrace">java.lang.NullPointerException: Cannot invoke &quot;java.lang.CharSequence.toString()&quot; because &quot;s&quot; is null
	at java.base/java.lang.String.contains(String.java:2852)
	at com.tutorialsninja_testcases.LoginTest.verifyLoginWithNoCredentials(LoginTest.java:81)
	at java.base/java.util.ArrayList.forEach(ArrayList.java:1511)
... Removed 27 stack frames</div></td></tr></table><p class="totop"><a href="#summary">back to summary</a></p>
<h3 id="m3">com.tutorialsninja_testcases.LoginTest#verifyLoginWithValidEmailAndInvalidPassword</h3><table class="result"><tr><th>Exception</th></tr><tr><td><div class="stacktrace">java.lang.IllegalArgumentException: Keys to send should be a not null CharSequence
	at org.openqa.selenium.remote.RemoteWebElement.sendKeys(RemoteWebElement.java:97)
	at org.openqa.selenium.support.pagefactory.internal.LocatingElementHandler.invoke(LocatingElementHandler.java:51)
	at jdk.proxy2/jdk.proxy2.$Proxy16.sendKeys(Unknown Source)
	at com.tutorialsninja_pages.LoginPage.navigateToAccountPage(LoginPage.java:56)
	at com.tutorialsninja_testcases.LoginTest.verifyLoginWithValidEmailAndInvalidPassword(LoginTest.java:56)
	at java.base/java.util.ArrayList.forEach(ArrayList.java:1511)
... Removed 30 stack frames</div></td></tr></table><p class="totop"><a href="#summary">back to summary</a></p>
<h3 id="m4">com.tutorialsninja_testcases.RegisterTest#registerAccountExistingEmail</h3><table class="result"><tr><th>Exception</th></tr><tr><td><div class="stacktrace">java.lang.IllegalArgumentException: Keys to send should be a not null CharSequence
	at org.openqa.selenium.remote.RemoteWebElement.sendKeys(RemoteWebElement.java:97)
	at org.openqa.selenium.support.pagefactory.internal.LocatingElementHandler.invoke(LocatingElementHandler.java:51)
	at jdk.proxy2/jdk.proxy2.$Proxy16.sendKeys(Unknown Source)
	at com.tutorialsninja_pages.RegisterPage.registerAllDetails(RegisterPage.java:193)
	at com.tutorialsninja_testcases.RegisterTest.registerAccountExistingEmail(RegisterTest.java:78)
	at java.base/java.util.ArrayList.forEach(ArrayList.java:1511)
... Removed 30 stack frames</div></td></tr></table><p class="totop"><a href="#summary">back to summary</a></p>
<h3 id="m5">com.tutorialsninja_testcases.RegisterTest#registerAccountWithAllDetails</h3><table class="result"><tr><th>Exception</th></tr><tr><td><div class="stacktrace">java.lang.IllegalArgumentException: Keys to send should be a not null CharSequence
	at org.openqa.selenium.remote.RemoteWebElement.sendKeys(RemoteWebElement.java:97)
	at org.openqa.selenium.support.pagefactory.internal.LocatingElementHandler.invoke(LocatingElementHandler.java:51)
	at jdk.proxy2/jdk.proxy2.$Proxy16.sendKeys(Unknown Source)
	at com.tutorialsninja_pages.RegisterPage.registerAllDetails(RegisterPage.java:193)
	at com.tutorialsninja_testcases.RegisterTest.registerAccountWithAllDetails(RegisterTest.java:54)
	at java.base/java.util.ArrayList.forEach(ArrayList.java:1511)
... Removed 30 stack frames</div></td></tr></table><p class="totop"><a href="#summary">back to summary</a></p>
<h3 id="m6">com.tutorialsninja_testcases.RegisterTest#registerAccountWithMandatoryDetails</h3><table class="result"><tr><th>Exception</th></tr><tr><td><div class="stacktrace">java.lang.IllegalArgumentException: Keys to send should be a not null CharSequence
	at org.openqa.selenium.remote.RemoteWebElement.sendKeys(RemoteWebElement.java:97)
	at org.openqa.selenium.support.pagefactory.internal.LocatingElementHandler.invoke(LocatingElementHandler.java:51)
	at jdk.proxy2/jdk.proxy2.$Proxy16.sendKeys(Unknown Source)
	at com.tutorialsninja_pages.RegisterPage.registerMandatoryDetails(RegisterPage.java:180)
	at com.tutorialsninja_testcases.RegisterTest.registerAccountWithMandatoryDetails(RegisterTest.java:43)
	at java.base/java.util.ArrayList.forEach(ArrayList.java:1511)
... Removed 30 stack frames</div></td></tr></table><p class="totop"><a href="#summary">back to summary</a></p>
<h3 id="m7">com.tutorialsninja_testcases.RegisterTest#registerAccountWithNoDetails</h3><table class="result"><tr><th>Exception</th></tr><tr><td><div class="stacktrace">java.lang.NullPointerException: Cannot invoke &quot;java.lang.CharSequence.toString()&quot; because &quot;s&quot; is null
	at java.base/java.lang.String.contains(String.java:2852)
	at com.tutorialsninja_pages.RegisterPage.retrieveAllWarningMessageStatus(RegisterPage.java:207)
	at com.tutorialsninja_testcases.RegisterTest.registerAccountWithNoDetails(RegisterTest.java:68)
	at java.base/java.util.ArrayList.forEach(ArrayList.java:1511)
... Removed 27 stack frames</div></td></tr></table><p class="totop"><a href="#summary">back to summary</a></p>
<h3 id="m8">com.tutorialsninja_testcases.SearchProductTest#verifySearchWithInvalidProduct</h3><table class="result"><tr><th>Exception</th></tr><tr><td><div class="stacktrace">java.lang.IllegalArgumentException: Keys to send should be a not null CharSequence
	at org.openqa.selenium.remote.RemoteWebElement.sendKeys(RemoteWebElement.java:97)
	at org.openqa.selenium.support.pagefactory.internal.LocatingElementHandler.invoke(LocatingElementHandler.java:51)
	at jdk.proxy2/jdk.proxy2.$Proxy16.sendKeys(Unknown Source)
	at com.tutorialsninja_pages.LandingPage.navigateToSearchPage(LandingPage.java:86)
	at com.tutorialsninja_testcases.SearchProductTest.verifySearchWithInvalidProduct(SearchProductTest.java:48)
	at java.base/java.util.ArrayList.forEach(ArrayList.java:1511)
... Removed 31 stack frames</div></td></tr></table><p class="totop"><a href="#summary">back to summary</a></p>
<h3 id="m9">com.tutorialsninja_testcases.SearchProductTest#verifySearchWithValidProduct</h3><table class="result"><tr><th>Exception</th></tr><tr><td><div class="stacktrace">java.lang.IllegalArgumentException: Keys to send should be a not null CharSequence
	at org.openqa.selenium.remote.RemoteWebElement.sendKeys(RemoteWebElement.java:97)
	at org.openqa.selenium.support.pagefactory.internal.LocatingElementHandler.invoke(LocatingElementHandler.java:51)
	at jdk.proxy2/jdk.proxy2.$Proxy16.sendKeys(Unknown Source)
	at com.tutorialsninja_pages.LandingPage.navigateToSearchPage(LandingPage.java:86)
	at com.tutorialsninja_testcases.SearchProductTest.verifySearchWithValidProduct(SearchProductTest.java:37)
	at java.base/java.util.ArrayList.forEach(ArrayList.java:1511)
... Removed 31 stack frames</div></td></tr></table><p class="totop"><a href="#summary">back to summary</a></p>
<h3 id="m10">com.tutorialsninja_testcases.LoginTest#verifyLoginWithValidCredentials</h3><table class="result"><tr class="param"><th>Parameter #1</th><th>Parameter #2</th></tr><tr class="param stripe"><td>seleniumpanda3@gmail.com</td><td>Selenium@123</td></tr></table><p class="totop"><a href="#summary">back to summary</a></p>
<h3 id="m11">com.tutorialsninja_testcases.LoginTest#verifyLoginWithValidCredentials</h3><table class="result"><tr class="param"><th>Parameter #1</th><th>Parameter #2</th></tr><tr class="param stripe"><td>seleniumpanda@gmail.com</td><td>Selenium@123</td></tr></table><p class="totop"><a href="#summary">back to summary</a></p>
<h3 id="m12">com.tutorialsninja_testcases.LoginTest#verifyLoginWithValidCredentials</h3><table class="result"><tr class="param"><th>Parameter #1</th><th>Parameter #2</th></tr><tr class="param stripe"><td>seleniumpanda2@gmail.com</td><td>Selenium@123</td></tr></table><p class="totop"><a href="#summary">back to summary</a></p>
<h3 id="m13">com.tutorialsninja_testcases.LoginTest#verifyLoginWithValidCredentials</h3><table class="result"><tr class="param"><th>Parameter #1</th><th>Parameter #2</th></tr><tr class="param stripe"><td>seleniumpanda5@gmail.com</td><td>Selenium@123</td></tr></table><p class="totop"><a href="#summary">back to summary</a></p>
<h3 id="m14">com.tutorialsninja_testcases.LoginTest#verifyLoginWithValidCredentials</h3><table class="result"><tr class="param"><th>Parameter #1</th><th>Parameter #2</th></tr><tr class="param stripe"><td>seleniumpanda1@gmail.com</td><td>Selenium@123</td></tr></table><p class="totop"><a href="#summary">back to summary</a></p>
<h3 id="m15">com.tutorialsninja_testcases.LoginTest#verifyLoginWithValidCredentials</h3><table class="result"><tr class="param"><th>Parameter #1</th><th>Parameter #2</th></tr><tr class="param stripe"><td>seleniumpanda6@gmail.com</td><td>Selenium@123</td></tr></table><p class="totop"><a href="#summary">back to summary</a></p>
<h3 id="m16">com.tutorialsninja_testcases.LoginTest#verifyLoginWithValidCredentials</h3><table class="result"><tr class="param"><th>Parameter #1</th><th>Parameter #2</th></tr><tr class="param stripe"><td>seleniumpanda4@gmail.com</td><td>Selenium@123</td></tr></table><p class="totop"><a href="#summary">back to summary</a></p>
<h3 id="m17">com.tutorialsninja_testcases.SearchProductTest#verifySearchNoProduct</h3><table class="result"><tr><th class="invisible"/></tr></table><p class="totop"><a href="#summary">back to summary</a></p>
</body>
</html>
